<?xml version="1.0" encoding="UTF-8"?>
<!-- Generated by org.testng.reporters.JUnitReportReporter -->
<testsuite hostname="HARI" failures="0" tests="5" name="runner.TestRunner" time="27.896" errors="0" timestamp="2024-05-05T11:02:36 IST" skipped="0">
  <testcase classname="runner.TestRunner" name="runScenario" time="4.977"/>
  <system-out/>
  <testcase classname="runner.TestRunner" name="runScenario" time="4.743"/>
  <system-out/>
  <testcase classname="runner.TestRunner" name="runScenario" time="8.125"/>
  <system-out/>
  <testcase classname="runner.TestRunner" name="runScenario" time="4.912"/>
  <system-out/>
  <testcase classname="runner.TestRunner" name="runScenario" time="5.139"/>
  <system-out/>
</testsuite> <!-- runner.TestRunner -->
