<?xml version="1.0" encoding="UTF-8"?>
<!-- Generated by org.testng.reporters.JUnitReportReporter -->
<testsuite hostname="HARI" failures="0" tests="5" name="runner.TestRunner" time="33.777" errors="0" timestamp="2024-05-09T11:56:15 IST" skipped="0">
  <testcase classname="runner.TestRunner" name="runScenario" time="6.588"/>
  <system-out/>
  <testcase classname="runner.TestRunner" name="runScenario" time="6.402"/>
  <system-out/>
  <testcase classname="runner.TestRunner" name="runScenario" time="7.789"/>
  <system-out/>
  <testcase classname="runner.TestRunner" name="runScenario" time="6.495"/>
  <system-out/>
  <testcase classname="runner.TestRunner" name="runScenario" time="6.503"/>
  <system-out/>
</testsuite> <!-- runner.TestRunner -->
